Using pre-set license
Built from '2020.3/staging' branch; Version is '2020.3.14f1 (d0d1bb862f9d) revision 13685179'; Using compiler version '192528614'; Build Type 'Release'
OS: 'Windows 10 Pro; OS build 19042.1237; Version 2009; 64bit' Language: 'ko' Physical Memory: 16281 MB
BatchMode: 1, IsHumanControllingUs: 0, StartBugReporterOnCrash: 0, Is64bit: 1, IsPro: 0

 COMMAND LINE ARGUMENTS:
C:\Program Files\Unity\Hub\Editor\2020.3.14f1\Editor\Unity.exe
-adb2
-batchMode
-noUpm
-name
AssetImportWorker0
-projectPath
C:/Users/Administrator/Desktop/YJS/ProjectW
-logFile
Logs/AssetImportWorker0.log
-srvPort
51179
Successfully changed project path to: C:/Users/Administrator/Desktop/YJS/ProjectW
C:/Users/Administrator/Desktop/YJS/ProjectW
Using Asset Import Pipeline V2.
Refreshing native plugins compatible for Editor in 46.20 ms, found 2 plugins.
Preloading 0 native plugins for Editor in 0.00 ms.
Initialize engine version: 2020.3.14f1 (d0d1bb862f9d)
[Subsystems] Discovering subsystems at path C:/Program Files/Unity/Hub/Editor/2020.3.14f1/Editor/Data/Resources/UnitySubsystems
[Subsystems] Discovering subsystems at path C:/Users/Administrator/Desktop/YJS/ProjectW/Assets
GfxDevice: creating device client; threaded=0
Direct3D:
    Version:  Direct3D 11.0 [level 11.1]
    Renderer: NVIDIA GeForce GTX 1660 SUPER (ID=0x21c4)
    Vendor:   
    VRAM:     5991 MB
    Driver:   27.21.14.5751
Initialize mono
Mono path[0] = 'C:/Program Files/Unity/Hub/Editor/2020.3.14f1/Editor/Data/Managed'
Mono path[1] = 'C:/Program Files/Unity/Hub/Editor/2020.3.14f1/Editor/Data/MonoBleedingEdge/lib/mono/unityjit'
Mono config path = 'C:/Program Files/Unity/Hub/Editor/2020.3.14f1/Editor/Data/MonoBleedingEdge/etc'
Using monoOptions --debugger-agent=transport=dt_socket,embedding=1,server=y,suspend=n,address=127.0.0.1:56748
Begin MonoManager ReloadAssembly
Registering precompiled unity dll's ...
Register platform support module: C:/Program Files/Unity/Hub/Editor/2020.3.14f1/Editor/Data/PlaybackEngines/WindowsStandaloneSupport/UnityEditor.WindowsStandalone.Extensions.dll
Registered in 0.000901 seconds.
Native extension for WindowsStandalone target not found
Refreshing native plugins compatible for Editor in 48.25 ms, found 2 plugins.
Preloading 0 native plugins for Editor in 0.00 ms.
Mono: successfully reloaded assembly
- Completed reload, in  0.719 seconds
Domain Reload Profiling:
	ReloadAssembly (720ms)
		BeginReloadAssembly (36ms)
			ExecutionOrderSort (0ms)
			DisableScriptedObjects (0ms)
			BackupInstance (0ms)
			ReleaseScriptingObjects (0ms)
			CreateAndSetChildDomain (1ms)
		EndReloadAssembly (322ms)
			LoadAssemblies (35ms)
			RebuildTransferFunctionScriptingTraits (0ms)
			SetupTypeCache (113ms)
			ReleaseScriptCaches (0ms)
			RebuildScriptCaches (22ms)
			SetupLoadedEditorAssemblies (138ms)
				LogAssemblyErrors (0ms)
				InitializePlatformSupportModulesInManaged (3ms)
				SetLoadedEditorAssemblies (0ms)
				RefreshPlugins (48ms)
				BeforeProcessingInitializeOnLoad (10ms)
				ProcessInitializeOnLoadAttributes (56ms)
				ProcessInitializeOnLoadMethodAttributes (20ms)
				AfterProcessingInitializeOnLoad (0ms)
				EditorAssembliesLoaded (0ms)
			ExecutionOrderSort2 (0ms)
			AwakeInstancesAfterBackupRestoration (0ms)
Platform modules already initialized, skipping
Registering precompiled user dll's ...
Registered in 0.002628 seconds.
Begin MonoManager ReloadAssembly
Native extension for WindowsStandalone target not found
Refreshing native plugins compatible for Editor in 0.63 ms, found 2 plugins.
Preloading 0 native plugins for Editor in 0.00 ms.
Mono: successfully reloaded assembly
- Completed reload, in  0.727 seconds
Domain Reload Profiling:
	ReloadAssembly (728ms)
		BeginReloadAssembly (105ms)
			ExecutionOrderSort (0ms)
			DisableScriptedObjects (3ms)
			BackupInstance (0ms)
			ReleaseScriptingObjects (0ms)
			CreateAndSetChildDomain (13ms)
		EndReloadAssembly (580ms)
			LoadAssemblies (59ms)
			RebuildTransferFunctionScriptingTraits (0ms)
			SetupTypeCache (205ms)
			ReleaseScriptCaches (0ms)
			RebuildScriptCaches (32ms)
			SetupLoadedEditorAssemblies (212ms)
				LogAssemblyErrors (0ms)
				InitializePlatformSupportModulesInManaged (4ms)
				SetLoadedEditorAssemblies (0ms)
				RefreshPlugins (1ms)
				BeforeProcessingInitializeOnLoad (60ms)
				ProcessInitializeOnLoadAttributes (141ms)
				ProcessInitializeOnLoadMethodAttributes (3ms)
				AfterProcessingInitializeOnLoad (2ms)
				EditorAssembliesLoaded (0ms)
			ExecutionOrderSort2 (0ms)
			AwakeInstancesAfterBackupRestoration (5ms)
Platform modules already initialized, skipping
========================================================================
Worker process is ready to serve import requests
Launched and connected shader compiler UnityShaderCompiler.exe after 0.02 seconds
Refreshing native plugins compatible for Editor in 0.62 ms, found 2 plugins.
Preloading 0 native plugins for Editor in 0.00 ms.
Unloading 1556 Unused Serialized files (Serialized files now loaded: 0)
System memory in use before: 82.1 MB.
System memory in use after: 82.2 MB.

Unloading 20 unused Assets to reduce memory usage. Loaded Objects now: 1994.
Total: 1.474900 ms (FindLiveObjects: 0.135300 ms CreateObjectMapping: 0.044600 ms MarkObjects: 1.249300 ms  DeleteObjects: 0.045000 ms)

AssetImportParameters requested are different than current active one (requested -> active):
  custom:framework-win-MediaFoundation: 216162199b28c13a410421893ffa2e32 -> 
  custom:video-decoder-ogg-theora: a1e56fd34408186e4bbccfd4996cb3dc -> 
  custom:container-muxer-webm: aa71ff27fc2769a1b78a27578f13a17b -> 
  custom:container-demuxer-webm: 4f35f7cbe854078d1ac9338744f61a02 -> 
  custom:container-demuxer-ogg: 62fdf1f143b41e24485cea50d1cbac27 -> 
  custom:video-encoder-webm-vp8: eb34c28f22e8b96e1ab97ce403110664 -> 
  custom:video-decoder-webm-vp8: 9c59270c3fd7afecdb556c50c9e8de78 -> 
  custom:audio-decoder-ogg-vorbis: bf7c407c2cedff20999df2af8eb42d56 -> 
  custom:audio-encoder-webm-vorbis: bf7c407c2cedff20999df2af8eb42d56 -> 
========================================================================
Received Import Request.
  path: Assets/Scripts/Network
  artifactKey: Guid(4d6d97c57990bf240ac62b5e1469868f) Importer(815301076,1909f56bfc062723c751e8b465ee728b)
Start importing Assets/Scripts/Network using Guid(4d6d97c57990bf240ac62b5e1469868f) Importer(815301076,1909f56bfc062723c751e8b465ee728b)  -> (artifact id: 'd58538864293c58441e9135146742ee8') in 0.005814 seconds 
  Import took 0.008034 seconds .

========================================================================
Received Import Request.
  Time since last request: 0.000114 seconds.
  path: Assets/Scripts/Dummy
  artifactKey: Guid(f1ef4c1555909384181f46faa5b4dc89) Importer(815301076,1909f56bfc062723c751e8b465ee728b)
Start importing Assets/Scripts/Dummy using Guid(f1ef4c1555909384181f46faa5b4dc89) Importer(815301076,1909f56bfc062723c751e8b465ee728b)  -> (artifact id: 'f5adccfcbb365c4d3705ecb5ad64f230') in 0.005901 seconds 
  Import took 0.008032 seconds .

========================================================================
Received Import Request.
  Time since last request: 0.000188 seconds.
  path: Assets/Scripts/Object
  artifactKey: Guid(f34db365ec466f74b94d60d789278d4d) Importer(815301076,1909f56bfc062723c751e8b465ee728b)
Start importing Assets/Scripts/Object using Guid(f34db365ec466f74b94d60d789278d4d) Importer(815301076,1909f56bfc062723c751e8b465ee728b)  -> (artifact id: '341d96b90192ee8c34b6e16f528e4656') in 0.005703 seconds 
  Import took 0.008297 seconds .

========================================================================
Received Import Request.
  Time since last request: 0.000155 seconds.
  path: Assets/Scripts
  artifactKey: Guid(c3b06fb9dad36694da6dff4037703972) Importer(815301076,1909f56bfc062723c751e8b465ee728b)
Start importing Assets/Scripts using Guid(c3b06fb9dad36694da6dff4037703972) Importer(815301076,1909f56bfc062723c751e8b465ee728b)  -> (artifact id: '0c476b09d35dcb70ca8f71b263156f25') in 0.005518 seconds 
  Import took 0.007692 seconds .

========================================================================
Received Import Request.
  Time since last request: 0.000116 seconds.
  path: Assets/Scripts/Object
  artifactKey: Guid(f34db365ec466f74b94d60d789278d4d) Importer(815301076,1909f56bfc062723c751e8b465ee728b)
Start importing Assets/Scripts/Object using Guid(f34db365ec466f74b94d60d789278d4d) Importer(815301076,1909f56bfc062723c751e8b465ee728b)  -> (artifact id: '341d96b90192ee8c34b6e16f528e4656') in 0.001261 seconds 
  Import took 0.003673 seconds .

========================================================================
Received Import Request.
  Time since last request: 0.109892 seconds.
  path: Assets/Scripts/Resource
  artifactKey: Guid(3acbda43812db244d9cdf8d971fd7a51) Importer(815301076,1909f56bfc062723c751e8b465ee728b)
Start importing Assets/Scripts/Resource using Guid(3acbda43812db244d9cdf8d971fd7a51) Importer(815301076,1909f56bfc062723c751e8b465ee728b)  -> (artifact id: 'b316d47d815af50d02a3a9e9b1fb4281') in 0.004865 seconds 
  Import took 0.007143 seconds .

========================================================================
Received Import Request.
  Time since last request: 0.160998 seconds.
  path: Assets/Scripts/StaticData
  artifactKey: Guid(169de63c9631fe2478888be650789681) Importer(815301076,1909f56bfc062723c751e8b465ee728b)
Start importing Assets/Scripts/StaticData using Guid(169de63c9631fe2478888be650789681) Importer(815301076,1909f56bfc062723c751e8b465ee728b)  -> (artifact id: '59afb6f9d0755a54e2087c497458aad3') in 0.004776 seconds 
  Import took 0.007089 seconds .

========================================================================
Received Import Request.
  Time since last request: 0.150904 seconds.
  path: Assets/Scripts/UI
  artifactKey: Guid(480de805cf670a74a9d73ccca2ddf889) Importer(815301076,1909f56bfc062723c751e8b465ee728b)
Start importing Assets/Scripts/UI using Guid(480de805cf670a74a9d73ccca2ddf889) Importer(815301076,1909f56bfc062723c751e8b465ee728b)  -> (artifact id: '623cfd825a6b6b2bdff5f31dbf5a7387') in 0.004476 seconds 
  Import took 0.006751 seconds .

========================================================================
Received Import Request.
  Time since last request: 0.144178 seconds.
  path: Assets/Scripts/Util
  artifactKey: Guid(753b01abfa4136b4d9bb26daf3c2470e) Importer(815301076,1909f56bfc062723c751e8b465ee728b)
Start importing Assets/Scripts/Util using Guid(753b01abfa4136b4d9bb26daf3c2470e) Importer(815301076,1909f56bfc062723c751e8b465ee728b)  -> (artifact id: '856539e02bc9df9f50e29ca1adc8832d') in 0.004487 seconds 
  Import took 0.006706 seconds .

========================================================================
Received Import Request.
  Time since last request: 0.155512 seconds.
  path: Assets/Scripts/Define.cs
  artifactKey: Guid(d4d7b0a0d2630294ab4264972a463741) Importer(815301076,1909f56bfc062723c751e8b465ee728b)
Start importing Assets/Scripts/Define.cs using Guid(d4d7b0a0d2630294ab4264972a463741) Importer(815301076,1909f56bfc062723c751e8b465ee728b)  -> (artifact id: '4356bd4b67e27380df85da99c5a1e9e3') in 0.013009 seconds 
  Import took 0.015349 seconds .

========================================================================
Received Import Request.
  Time since last request: 0.146571 seconds.
  path: Assets/Scripts/Define.cs
  artifactKey: Guid(d4d7b0a0d2630294ab4264972a463741) Importer(815301076,1909f56bfc062723c751e8b465ee728b)
Start importing Assets/Scripts/Define.cs using Guid(d4d7b0a0d2630294ab4264972a463741) Importer(815301076,1909f56bfc062723c751e8b465ee728b)  -> (artifact id: '4356bd4b67e27380df85da99c5a1e9e3') in 0.001408 seconds 
  Import took 0.003966 seconds .

========================================================================
Received Import Request.
  Time since last request: 1325.020662 seconds.
  path: Assets/SDRPGPack2
  artifactKey: Guid(6a984725c304eaa44a0c266607ba2254) Importer(815301076,1909f56bfc062723c751e8b465ee728b)
Start importing Assets/SDRPGPack2 using Guid(6a984725c304eaa44a0c266607ba2254) Importer(815301076,1909f56bfc062723c751e8b465ee728b)  -> (artifact id: 'd795eff34875e61d0fdc1c460ec6c757') in 0.005384 seconds 
  Import took 0.008234 seconds .

========================================================================
Received Import Request.
  Time since last request: 0.249773 seconds.
  path: Assets/Dummy
  artifactKey: Guid(06d81b6ee155f1b4bab5a56e17f988d6) Importer(815301076,1909f56bfc062723c751e8b465ee728b)
Start importing Assets/Dummy using Guid(06d81b6ee155f1b4bab5a56e17f988d6) Importer(815301076,1909f56bfc062723c751e8b465ee728b)  -> (artifact id: '546b44220d0493d67b7541ed8d93f970') in 0.001371 seconds 
  Import took 0.003715 seconds .

========================================================================
Received Import Request.
  Time since last request: 0.962955 seconds.
  path: Assets/Editor
  artifactKey: Guid(3cc865ef47bfba14993ae556bb5a3b8c) Importer(815301076,1909f56bfc062723c751e8b465ee728b)
Start importing Assets/Editor using Guid(3cc865ef47bfba14993ae556bb5a3b8c) Importer(815301076,1909f56bfc062723c751e8b465ee728b)  -> (artifact id: '4c6e9561f0fe0fe2c5e1071d10b6f25f') in 0.004411 seconds 
  Import took 0.006707 seconds .

========================================================================
Received Import Request.
  Time since last request: 0.157382 seconds.
  path: Assets/Fantasy_Cursor_Pack
  artifactKey: Guid(493ba673dc787c84bae1a340734299ee) Importer(815301076,1909f56bfc062723c751e8b465ee728b)
Start importing Assets/Fantasy_Cursor_Pack using Guid(493ba673dc787c84bae1a340734299ee) Importer(815301076,1909f56bfc062723c751e8b465ee728b)  -> (artifact id: '5eeffe2179564190ceb19719a7b793d0') in 0.004409 seconds 
  Import took 0.006714 seconds .

========================================================================
Received Import Request.
  Time since last request: 0.150527 seconds.
  path: Assets/FantasySpellsEffectsPack
  artifactKey: Guid(d8ce18f148f49054eb034c3d42f2d3f7) Importer(815301076,1909f56bfc062723c751e8b465ee728b)
Start importing Assets/FantasySpellsEffectsPack using Guid(d8ce18f148f49054eb034c3d42f2d3f7) Importer(815301076,1909f56bfc062723c751e8b465ee728b)  -> (artifact id: '4723426084704c73b720d3ac127c7c0b') in 0.004342 seconds 
  Import took 0.006638 seconds .

========================================================================
Received Import Request.
  Time since last request: 0.162231 seconds.
  path: Assets/FlatUI
  artifactKey: Guid(c25396c50ac31f74b8887fb359c829d7) Importer(815301076,1909f56bfc062723c751e8b465ee728b)
Start importing Assets/FlatUI using Guid(c25396c50ac31f74b8887fb359c829d7) Importer(815301076,1909f56bfc062723c751e8b465ee728b)  -> (artifact id: '7799ff3c99a43a9946a39e6516387f4d') in 0.004332 seconds 
  Import took 0.006663 seconds .

========================================================================
Received Import Request.
  Time since last request: 0.169867 seconds.
  path: Assets/Genshin
  artifactKey: Guid(a4c78dd1247aff243816da987de8fde9) Importer(815301076,1909f56bfc062723c751e8b465ee728b)
Start importing Assets/Genshin using Guid(a4c78dd1247aff243816da987de8fde9) Importer(815301076,1909f56bfc062723c751e8b465ee728b)  -> (artifact id: '537949710b36d386c96d792a691192f3') in 0.004464 seconds 
  Import took 0.006831 seconds .

========================================================================
Received Import Request.
  Time since last request: 0.152302 seconds.
  path: Assets/NavMeshExtension
  artifactKey: Guid(39cdf6d4d03d41d42b1db950cba243fd) Importer(815301076,1909f56bfc062723c751e8b465ee728b)
Start importing Assets/NavMeshExtension using Guid(39cdf6d4d03d41d42b1db950cba243fd) Importer(815301076,1909f56bfc062723c751e8b465ee728b)  -> (artifact id: '347adec10168d64418f318bcc566ab63') in 0.004396 seconds 
  Import took 0.006717 seconds .

========================================================================
Received Import Request.
  Time since last request: 0.162069 seconds.
  path: Assets/Resources
  artifactKey: Guid(0b95a6fa7814b3848b0095b4acb804b6) Importer(815301076,1909f56bfc062723c751e8b465ee728b)
Start importing Assets/Resources using Guid(0b95a6fa7814b3848b0095b4acb804b6) Importer(815301076,1909f56bfc062723c751e8b465ee728b)  -> (artifact id: '7f86d1104c6ed3b3b2c10aa6818d662e') in 0.004403 seconds 
  Import took 0.006686 seconds .

========================================================================
Received Import Request.
  Time since last request: 0.151603 seconds.
  path: Assets/Scenes
  artifactKey: Guid(bb7cdb2240b2ceb409e4157a4b65b73e) Importer(815301076,1909f56bfc062723c751e8b465ee728b)
Start importing Assets/Scenes using Guid(bb7cdb2240b2ceb409e4157a4b65b73e) Importer(815301076,1909f56bfc062723c751e8b465ee728b)  -> (artifact id: 'af5a8274215304444f39b976f90785ba') in 0.004336 seconds 
  Import took 0.006777 seconds .

========================================================================
Received Import Request.
  Time since last request: 0.450169 seconds.
  path: Assets/Resources/New Material.mat
  artifactKey: Guid(ec484fa49d966764f8d18063614617f5) Importer(815301076,1909f56bfc062723c751e8b465ee728b)
Start importing Assets/Resources/New Material.mat using Guid(ec484fa49d966764f8d18063614617f5) Importer(815301076,1909f56bfc062723c751e8b465ee728b)  -> (artifact id: '85c580cdcd0f2615711e0d9e8c3bc86c') in 0.074069 seconds 
  Import took 0.076461 seconds .

========================================================================
Received Import Request.
  Time since last request: 0.000126 seconds.
  path: Assets/Resources/pngwing.com.png
  artifactKey: Guid(16ff3acd84bd023419cfa2df1e7fb7eb) Importer(815301076,1909f56bfc062723c751e8b465ee728b)
Start importing Assets/Resources/pngwing.com.png using Guid(16ff3acd84bd023419cfa2df1e7fb7eb) Importer(815301076,1909f56bfc062723c751e8b465ee728b)  -> (artifact id: '14c69e923f26acc5e19c4bcce3545ed7') in 0.035948 seconds 
  Import took 0.038291 seconds .

========================================================================
Received Import Request.
  Time since last request: 0.333894 seconds.
  path: Assets/Resources/Prefabs
  artifactKey: Guid(82434a199eae5f54db1ed7f0b344f13a) Importer(815301076,1909f56bfc062723c751e8b465ee728b)
Start importing Assets/Resources/Prefabs using Guid(82434a199eae5f54db1ed7f0b344f13a) Importer(815301076,1909f56bfc062723c751e8b465ee728b)  -> (artifact id: '410b732887e7d3531865c670cb818364') in 0.004503 seconds 
  Import took 0.006909 seconds .

========================================================================
Received Import Request.
  Time since last request: 0.351701 seconds.
  path: Assets/Resources/Sprite
  artifactKey: Guid(dd811efc3d8c75f45a2d78dba7821d81) Importer(815301076,1909f56bfc062723c751e8b465ee728b)
Start importing Assets/Resources/Sprite using Guid(dd811efc3d8c75f45a2d78dba7821d81) Importer(815301076,1909f56bfc062723c751e8b465ee728b)  -> (artifact id: '81e2be3f07248e56e0c7c07ac7a4eaad') in 0.004577 seconds 
  Import took 0.007003 seconds .

========================================================================
Received Import Request.
  Time since last request: 0.501121 seconds.
  path: Assets/Resources/Prefabs/CamPos.prefab
  artifactKey: Guid(9a6023a8c5007eb40a9732f694606e9f) Importer(815301076,1909f56bfc062723c751e8b465ee728b)
Start importing Assets/Resources/Prefabs/CamPos.prefab using Guid(9a6023a8c5007eb40a9732f694606e9f) Importer(815301076,1909f56bfc062723c751e8b465ee728b)  -> (artifact id: 'c7c65dda84a4567ef52fe8fd2cdf9324') in 0.010238 seconds 
  Import took 0.012699 seconds .

========================================================================
Received Import Request.
  Time since last request: 0.000233 seconds.
  path: Assets/Resources/Prefabs/Item.prefab
  artifactKey: Guid(4032cc68dc0f8eb429387d87f49a5124) Importer(815301076,1909f56bfc062723c751e8b465ee728b)
Start importing Assets/Resources/Prefabs/Item.prefab using Guid(4032cc68dc0f8eb429387d87f49a5124) Importer(815301076,1909f56bfc062723c751e8b465ee728b)  -> (artifact id: 'eb9693ed9242720d25a7bddd8e37e3f2') in 0.010298 seconds 
  Import took 0.012601 seconds .

========================================================================
Received Import Request.
  Time since last request: 0.386558 seconds.
  path: Assets/Resources/Prefabs/Actor
  artifactKey: Guid(d3475395add64134785529020756fd1b) Importer(815301076,1909f56bfc062723c751e8b465ee728b)
Start importing Assets/Resources/Prefabs/Actor using Guid(d3475395add64134785529020756fd1b) Importer(815301076,1909f56bfc062723c751e8b465ee728b)  -> (artifact id: '46e688baf1c58a2823aa6e4bc3af6eb8') in 0.004480 seconds 
  Import took 0.006971 seconds .

========================================================================
Received Import Request.
  Time since last request: 0.122698 seconds.
  path: Assets/Resources/Prefabs/Building
  artifactKey: Guid(30be5d6bc8e0adf4c9af34d5b4b6b18e) Importer(815301076,1909f56bfc062723c751e8b465ee728b)
Start importing Assets/Resources/Prefabs/Building using Guid(30be5d6bc8e0adf4c9af34d5b4b6b18e) Importer(815301076,1909f56bfc062723c751e8b465ee728b)  -> (artifact id: 'e5c34d855d9b2357d05c84ce264f8e1a') in 0.004444 seconds 
  Import took 0.006835 seconds .

========================================================================
Received Import Request.
  Time since last request: 0.729158 seconds.
  path: Assets/Resources/Prefabs/UI
  artifactKey: Guid(128fcc979d69f6048948ae1cf4e96497) Importer(815301076,1909f56bfc062723c751e8b465ee728b)
Start importing Assets/Resources/Prefabs/UI using Guid(128fcc979d69f6048948ae1cf4e96497) Importer(815301076,1909f56bfc062723c751e8b465ee728b)  -> (artifact id: '14351702ca2ebb17f47c9207df5cfbf1') in 0.001280 seconds 
  Import took 0.004019 seconds .

========================================================================
Received Import Request.
  Time since last request: 0.036825 seconds.
  path: Assets/Resources/Prefabs/UI/DialogueButton.prefab
  artifactKey: Guid(82aeab7bb2d7222419727fcd8242503d) Importer(815301076,1909f56bfc062723c751e8b465ee728b)
Start importing Assets/Resources/Prefabs/UI/DialogueButton.prefab using Guid(82aeab7bb2d7222419727fcd8242503d) Importer(815301076,1909f56bfc062723c751e8b465ee728b)  -> (artifact id: 'b6e1d110bd7c458c018ba8da9483737d') in 0.099549 seconds 
  Import took 0.102648 seconds .

========================================================================
Received Import Request.
  Time since last request: 0.000118 seconds.
  path: Assets/Resources/Prefabs/UI/QuestSlot.prefab
  artifactKey: Guid(3696d8ba2f133ba4dafa1a64209b3606) Importer(815301076,1909f56bfc062723c751e8b465ee728b)
Start importing Assets/Resources/Prefabs/UI/QuestSlot.prefab using Guid(3696d8ba2f133ba4dafa1a64209b3606) Importer(815301076,1909f56bfc062723c751e8b465ee728b)  -> (artifact id: 'f615c13f11ac4b004698b17fcbb1a927') in 0.069305 seconds 
  Import took 0.071668 seconds .

========================================================================
Received Import Request.
  Time since last request: 0.000154 seconds.
  path: Assets/Resources/Prefabs/UI/HpBar.prefab
  artifactKey: Guid(500d142bb28edac4c8a75e1fa1d950a9) Importer(815301076,1909f56bfc062723c751e8b465ee728b)
Start importing Assets/Resources/Prefabs/UI/HpBar.prefab using Guid(500d142bb28edac4c8a75e1fa1d950a9) Importer(815301076,1909f56bfc062723c751e8b465ee728b)  -> (artifact id: '7b38c3edcb9c9ea6d61de089f2ceb405') in 0.006243 seconds 
  Import took 0.008688 seconds .

========================================================================
Received Prepare
Registering precompiled user dll's ...
Registered in 0.002599 seconds.
Begin MonoManager ReloadAssembly
Native extension for WindowsStandalone target not found
Refreshing native plugins compatible for Editor in 0.64 ms, found 2 plugins.
Preloading 0 native plugins for Editor in 0.00 ms.
Mono: successfully reloaded assembly
- Completed reload, in  0.699 seconds
Domain Reload Profiling:
	ReloadAssembly (699ms)
		BeginReloadAssembly (87ms)
			ExecutionOrderSort (0ms)
			DisableScriptedObjects (3ms)
			BackupInstance (0ms)
			ReleaseScriptingObjects (0ms)
			CreateAndSetChildDomain (26ms)
		EndReloadAssembly (568ms)
			LoadAssemblies (60ms)
			RebuildTransferFunctionScriptingTraits (0ms)
			SetupTypeCache (207ms)
			ReleaseScriptCaches (1ms)
			RebuildScriptCaches (28ms)
			SetupLoadedEditorAssemblies (200ms)
				LogAssemblyErrors (0ms)
				InitializePlatformSupportModulesInManaged (4ms)
				SetLoadedEditorAssemblies (0ms)
				RefreshPlugins (1ms)
				BeforeProcessingInitializeOnLoad (56ms)
				ProcessInitializeOnLoadAttributes (135ms)
				ProcessInitializeOnLoadMethodAttributes (3ms)
				AfterProcessingInitializeOnLoad (2ms)
				EditorAssembliesLoaded (0ms)
			ExecutionOrderSort2 (0ms)
			AwakeInstancesAfterBackupRestoration (5ms)
Platform modules already initialized, skipping
Refreshing native plugins compatible for Editor in 0.64 ms, found 2 plugins.
Preloading 0 native plugins for Editor in 0.00 ms.
Unloading 1518 Unused Serialized files (Serialized files now loaded: 0)
System memory in use before: 82.3 MB.
System memory in use after: 82.4 MB.

Unloading 16 unused Assets to reduce memory usage. Loaded Objects now: 2041.
Total: 1.448800 ms (FindLiveObjects: 0.136000 ms CreateObjectMapping: 0.044400 ms MarkObjects: 1.255600 ms  DeleteObjects: 0.012100 ms)

AssetImportParameters requested are different than current active one (requested -> active):
  custom:framework-win-MediaFoundation: 216162199b28c13a410421893ffa2e32 -> 
  custom:video-decoder-ogg-theora: a1e56fd34408186e4bbccfd4996cb3dc -> 
  custom:container-muxer-webm: aa71ff27fc2769a1b78a27578f13a17b -> 
  custom:container-demuxer-webm: 4f35f7cbe854078d1ac9338744f61a02 -> 
  custom:container-demuxer-ogg: 62fdf1f143b41e24485cea50d1cbac27 -> 
  custom:video-encoder-webm-vp8: eb34c28f22e8b96e1ab97ce403110664 -> 
  custom:video-decoder-webm-vp8: 9c59270c3fd7afecdb556c50c9e8de78 -> 
  custom:audio-decoder-ogg-vorbis: bf7c407c2cedff20999df2af8eb42d56 -> 
  custom:audio-encoder-webm-vorbis: bf7c407c2cedff20999df2af8eb42d56 -> 
========================================================================
Received Import Request.
  Time since last request: 572.924022 seconds.
  path: Assets/Scenes/SampleScene.unity
  artifactKey: Guid(9fc0d4010bbf28b4594072e72b8655ab) Importer(815301076,1909f56bfc062723c751e8b465ee728b)
Start importing Assets/Scenes/SampleScene.unity using Guid(9fc0d4010bbf28b4594072e72b8655ab) Importer(815301076,1909f56bfc062723c751e8b465ee728b)  -> (artifact id: 'a3a41ea56be49ef3522edab871eed8bb') in 0.013222 seconds 
  Import took 0.016092 seconds .

========================================================================
Received Import Request.
  Time since last request: 0.119821 seconds.
  path: Assets/Scenes/Loading.unity
  artifactKey: Guid(9a98fc7c5e989c74e8ffd1dc87d36fe2) Importer(815301076,1909f56bfc062723c751e8b465ee728b)
Start importing Assets/Scenes/Loading.unity using Guid(9a98fc7c5e989c74e8ffd1dc87d36fe2) Importer(815301076,1909f56bfc062723c751e8b465ee728b)  -> (artifact id: 'a302c2df0f51d76cdd5491c00db94070') in 0.004624 seconds 
  Import took 0.007039 seconds .

========================================================================
Received Prepare
Registering precompiled user dll's ...
Registered in 0.002590 seconds.
Begin MonoManager ReloadAssembly
Native extension for WindowsStandalone target not found
Refreshing native plugins compatible for Editor in 0.71 ms, found 2 plugins.
Preloading 0 native plugins for Editor in 0.00 ms.
Mono: successfully reloaded assembly
- Completed reload, in  0.699 seconds
Domain Reload Profiling:
	ReloadAssembly (699ms)
		BeginReloadAssembly (87ms)
			ExecutionOrderSort (0ms)
			DisableScriptedObjects (3ms)
			BackupInstance (0ms)
			ReleaseScriptingObjects (0ms)
			CreateAndSetChildDomain (26ms)
		EndReloadAssembly (568ms)
			LoadAssemblies (61ms)
			RebuildTransferFunctionScriptingTraits (0ms)
			SetupTypeCache (211ms)
			ReleaseScriptCaches (1ms)
			RebuildScriptCaches (28ms)
			SetupLoadedEditorAssemblies (196ms)
				LogAssemblyErrors (0ms)
				InitializePlatformSupportModulesInManaged (4ms)
				SetLoadedEditorAssemblies (0ms)
				RefreshPlugins (1ms)
				BeforeProcessingInitializeOnLoad (55ms)
				ProcessInitializeOnLoadAttributes (131ms)
				ProcessInitializeOnLoadMethodAttributes (3ms)
				AfterProcessingInitializeOnLoad (2ms)
				EditorAssembliesLoaded (0ms)
			ExecutionOrderSort2 (0ms)
			AwakeInstancesAfterBackupRestoration (5ms)
Platform modules already initialized, skipping
Refreshing native plugins compatible for Editor in 0.63 ms, found 2 plugins.
Preloading 0 native plugins for Editor in 0.00 ms.
Unloading 1518 Unused Serialized files (Serialized files now loaded: 0)
System memory in use before: 82.4 MB.
System memory in use after: 82.5 MB.

Unloading 15 unused Assets to reduce memory usage. Loaded Objects now: 2044.
Total: 1.504500 ms (FindLiveObjects: 0.153500 ms CreateObjectMapping: 0.048900 ms MarkObjects: 1.289100 ms  DeleteObjects: 0.012300 ms)

AssetImportParameters requested are different than current active one (requested -> active):
  custom:framework-win-MediaFoundation: 216162199b28c13a410421893ffa2e32 -> 
  custom:video-decoder-ogg-theora: a1e56fd34408186e4bbccfd4996cb3dc -> 
  custom:container-muxer-webm: aa71ff27fc2769a1b78a27578f13a17b -> 
  custom:container-demuxer-webm: 4f35f7cbe854078d1ac9338744f61a02 -> 
  custom:container-demuxer-ogg: 62fdf1f143b41e24485cea50d1cbac27 -> 
  custom:video-encoder-webm-vp8: eb34c28f22e8b96e1ab97ce403110664 -> 
  custom:video-decoder-webm-vp8: 9c59270c3fd7afecdb556c50c9e8de78 -> 
  custom:audio-decoder-ogg-vorbis: bf7c407c2cedff20999df2af8eb42d56 -> 
  custom:audio-encoder-webm-vorbis: bf7c407c2cedff20999df2af8eb42d56 -> 
========================================================================
Received Import Request.
  Time since last request: 1512.826711 seconds.
  path: Assets/SDRPGPack1
  artifactKey: Guid(96eeb35410ed8c040b52365be56da884) Importer(815301076,1909f56bfc062723c751e8b465ee728b)
Start importing Assets/SDRPGPack1 using Guid(96eeb35410ed8c040b52365be56da884) Importer(815301076,1909f56bfc062723c751e8b465ee728b)  -> (artifact id: '0758c986e9c1f14cd93e3b23fe45ca81') in 0.007417 seconds 
  Import took 0.010253 seconds .

========================================================================
Received Import Request.
  Time since last request: 0.463708 seconds.
  path: Assets/SDRPGPack3
  artifactKey: Guid(466247f1b9db14c49af08094ae23cb47) Importer(815301076,1909f56bfc062723c751e8b465ee728b)
Start importing Assets/SDRPGPack3 using Guid(466247f1b9db14c49af08094ae23cb47) Importer(815301076,1909f56bfc062723c751e8b465ee728b)  -> (artifact id: '0880106d4c7d13bbb788b24a8dd26323') in 0.004473 seconds 
  Import took 0.006916 seconds .

========================================================================
Received Import Request.
  Time since last request: 0.485277 seconds.
  path: Assets/TextMesh Pro
  artifactKey: Guid(f54d1bd14bd3ca042bd867b519fee8cc) Importer(815301076,1909f56bfc062723c751e8b465ee728b)
Start importing Assets/TextMesh Pro using Guid(f54d1bd14bd3ca042bd867b519fee8cc) Importer(815301076,1909f56bfc062723c751e8b465ee728b)  -> (artifact id: '16b4cbde9565bf190136f1148817e1ea') in 0.004488 seconds 
  Import took 0.006950 seconds .

========================================================================
Received Import Request.
  Time since last request: 0.236416 seconds.
  path: Assets/StaticData
  artifactKey: Guid(2ce489718a33be84280f4dca115b0bb8) Importer(815301076,1909f56bfc062723c751e8b465ee728b)
Start importing Assets/StaticData using Guid(2ce489718a33be84280f4dca115b0bb8) Importer(815301076,1909f56bfc062723c751e8b465ee728b)  -> (artifact id: '65e3b9a7da269e82ff7243d0605f524c') in 0.004401 seconds 
  Import took 0.006754 seconds .

========================================================================
Received Import Request.
  Time since last request: 0.182919 seconds.
  path: Assets/SDRPGPack5
  artifactKey: Guid(ee4959c5d010c6d42b384539ad0be482) Importer(815301076,1909f56bfc062723c751e8b465ee728b)
Start importing Assets/SDRPGPack5 using Guid(ee4959c5d010c6d42b384539ad0be482) Importer(815301076,1909f56bfc062723c751e8b465ee728b)  -> (artifact id: 'ddb2d009bb4c365b885452b037a4fd84') in 0.004506 seconds 
  Import took 0.007138 seconds .

========================================================================
Received Import Request.
  Time since last request: 0.163106 seconds.
  path: Assets/SDRPGPack4
  artifactKey: Guid(3c4ae6fba228244499a80a084328d4d2) Importer(815301076,1909f56bfc062723c751e8b465ee728b)
Start importing Assets/SDRPGPack4 using Guid(3c4ae6fba228244499a80a084328d4d2) Importer(815301076,1909f56bfc062723c751e8b465ee728b)  -> (artifact id: 'c8f31bf49583206a249419c9ce806076') in 0.004678 seconds 
  Import took 0.007133 seconds .

========================================================================
Received Import Request.
  Time since last request: 2.908058 seconds.
  path: Assets/Resources/Prefabs/Stage
  artifactKey: Guid(f5b0c2648545ab74f876fabe2b919506) Importer(815301076,1909f56bfc062723c751e8b465ee728b)
Start importing Assets/Resources/Prefabs/Stage using Guid(f5b0c2648545ab74f876fabe2b919506) Importer(815301076,1909f56bfc062723c751e8b465ee728b)  -> (artifact id: '3aae6261fb553132537e04cb8c361beb') in 0.004448 seconds 
  Import took 0.006861 seconds .

========================================================================
Received Import Request.
  Time since last request: 0.792530 seconds.
  path: Assets/Resources/Prefabs/UI/QuestSlot.prefab
  artifactKey: Guid(3696d8ba2f133ba4dafa1a64209b3606) Importer(815301076,1909f56bfc062723c751e8b465ee728b)
Start importing Assets/Resources/Prefabs/UI/QuestSlot.prefab using Guid(3696d8ba2f133ba4dafa1a64209b3606) Importer(815301076,1909f56bfc062723c751e8b465ee728b)  -> (artifact id: '4ec0c0cd23e6ed83a35a10689b21004d') in 0.118420 seconds 
  Import took 0.120987 seconds .

========================================================================
Received Prepare
Registering precompiled user dll's ...
Registered in 0.002687 seconds.
Begin MonoManager ReloadAssembly
Native extension for WindowsStandalone target not found
Refreshing native plugins compatible for Editor in 0.64 ms, found 2 plugins.
Preloading 0 native plugins for Editor in 0.00 ms.
Mono: successfully reloaded assembly
- Completed reload, in  0.687 seconds
Domain Reload Profiling:
	ReloadAssembly (688ms)
		BeginReloadAssembly (80ms)
			ExecutionOrderSort (0ms)
			DisableScriptedObjects (3ms)
			BackupInstance (0ms)
			ReleaseScriptingObjects (0ms)
			CreateAndSetChildDomain (25ms)
		EndReloadAssembly (565ms)
			LoadAssemblies (59ms)
			RebuildTransferFunctionScriptingTraits (0ms)
			SetupTypeCache (207ms)
			ReleaseScriptCaches (1ms)
			RebuildScriptCaches (28ms)
			SetupLoadedEditorAssemblies (198ms)
				LogAssemblyErrors (0ms)
				InitializePlatformSupportModulesInManaged (4ms)
				SetLoadedEditorAssemblies (0ms)
				RefreshPlugins (1ms)
				BeforeProcessingInitializeOnLoad (56ms)
				ProcessInitializeOnLoadAttributes (132ms)
				ProcessInitializeOnLoadMethodAttributes (3ms)
				AfterProcessingInitializeOnLoad (2ms)
				EditorAssembliesLoaded (0ms)
			ExecutionOrderSort2 (0ms)
			AwakeInstancesAfterBackupRestoration (5ms)
Platform modules already initialized, skipping
Refreshing native plugins compatible for Editor in 0.65 ms, found 2 plugins.
Preloading 0 native plugins for Editor in 0.00 ms.
Unloading 1518 Unused Serialized files (Serialized files now loaded: 0)
System memory in use before: 82.4 MB.
System memory in use after: 82.5 MB.

Unloading 16 unused Assets to reduce memory usage. Loaded Objects now: 2047.
Total: 1.503600 ms (FindLiveObjects: 0.143600 ms CreateObjectMapping: 0.044300 ms MarkObjects: 1.302400 ms  DeleteObjects: 0.012600 ms)

AssetImportParameters requested are different than current active one (requested -> active):
  custom:framework-win-MediaFoundation: 216162199b28c13a410421893ffa2e32 -> 
  custom:video-decoder-ogg-theora: a1e56fd34408186e4bbccfd4996cb3dc -> 
  custom:container-muxer-webm: aa71ff27fc2769a1b78a27578f13a17b -> 
  custom:container-demuxer-webm: 4f35f7cbe854078d1ac9338744f61a02 -> 
  custom:container-demuxer-ogg: 62fdf1f143b41e24485cea50d1cbac27 -> 
  custom:video-encoder-webm-vp8: eb34c28f22e8b96e1ab97ce403110664 -> 
  custom:video-decoder-webm-vp8: 9c59270c3fd7afecdb556c50c9e8de78 -> 
  custom:audio-decoder-ogg-vorbis: bf7c407c2cedff20999df2af8eb42d56 -> 
  custom:audio-encoder-webm-vorbis: bf7c407c2cedff20999df2af8eb42d56 -> 
========================================================================
Received Prepare
Registering precompiled user dll's ...
Registered in 0.004055 seconds.
Begin MonoManager ReloadAssembly
Native extension for WindowsStandalone target not found
Refreshing native plugins compatible for Editor in 0.64 ms, found 2 plugins.
Preloading 0 native plugins for Editor in 0.00 ms.
Mono: successfully reloaded assembly
- Completed reload, in  0.681 seconds
Domain Reload Profiling:
	ReloadAssembly (682ms)
		BeginReloadAssembly (89ms)
			ExecutionOrderSort (0ms)
			DisableScriptedObjects (3ms)
			BackupInstance (0ms)
			ReleaseScriptingObjects (0ms)
			CreateAndSetChildDomain (23ms)
		EndReloadAssembly (550ms)
			LoadAssemblies (59ms)
			RebuildTransferFunctionScriptingTraits (0ms)
			SetupTypeCache (199ms)
			ReleaseScriptCaches (1ms)
			RebuildScriptCaches (27ms)
			SetupLoadedEditorAssemblies (194ms)
				LogAssemblyErrors (0ms)
				InitializePlatformSupportModulesInManaged (4ms)
				SetLoadedEditorAssemblies (0ms)
				RefreshPlugins (1ms)
				BeforeProcessingInitializeOnLoad (54ms)
				ProcessInitializeOnLoadAttributes (130ms)
				ProcessInitializeOnLoadMethodAttributes (3ms)
				AfterProcessingInitializeOnLoad (2ms)
				EditorAssembliesLoaded (0ms)
			ExecutionOrderSort2 (0ms)
			AwakeInstancesAfterBackupRestoration (5ms)
Platform modules already initialized, skipping
Refreshing native plugins compatible for Editor in 0.66 ms, found 2 plugins.
Preloading 0 native plugins for Editor in 0.00 ms.
Unloading 1518 Unused Serialized files (Serialized files now loaded: 0)
System memory in use before: 82.4 MB.
System memory in use after: 82.5 MB.

Unloading 15 unused Assets to reduce memory usage. Loaded Objects now: 2050.
Total: 1.520100 ms (FindLiveObjects: 0.154000 ms CreateObjectMapping: 0.047000 ms MarkObjects: 1.305400 ms  DeleteObjects: 0.013100 ms)

AssetImportParameters requested are different than current active one (requested -> active):
  custom:framework-win-MediaFoundation: 216162199b28c13a410421893ffa2e32 -> 
  custom:video-decoder-ogg-theora: a1e56fd34408186e4bbccfd4996cb3dc -> 
  custom:container-muxer-webm: aa71ff27fc2769a1b78a27578f13a17b -> 
  custom:container-demuxer-webm: 4f35f7cbe854078d1ac9338744f61a02 -> 
  custom:container-demuxer-ogg: 62fdf1f143b41e24485cea50d1cbac27 -> 
  custom:video-encoder-webm-vp8: eb34c28f22e8b96e1ab97ce403110664 -> 
  custom:video-decoder-webm-vp8: 9c59270c3fd7afecdb556c50c9e8de78 -> 
  custom:audio-decoder-ogg-vorbis: bf7c407c2cedff20999df2af8eb42d56 -> 
  custom:audio-encoder-webm-vorbis: bf7c407c2cedff20999df2af8eb42d56 -> 
AssetImportWorkerClient::OnTransportError - code=2 error=End of file
